

--- Dashboard Error ---
2026-02-19T14:39:42.940Z
Error: Error fetching dashboard analytics: PrismaClientKnownRequestError: 
Invalid `prisma.visit.count()` invocation in
D:\sohozasystem\backend\src\services\analyticsService.ts:13:51

  10 // Weekly visitors (grouped by date)
  11 // Note: For real charting, we'd want to aggregate by day.
  12 // For now, returning total count in last 7 days.
→ 13 const weeklyVisitors = await prisma.visit.count(

    at Object.getDashboardAnalytics (D:\sohozasystem\backend\src\services\analyticsService.ts:61:15)
    at processTicksAndRejections (node:internal/process/task_queues:105:5)
    at getDashboardAnalytics (D:\sohozasystem\backend\src\controllers\analyticsController.ts:7:27)
{}

--- General Error ---
2026-02-19T14:39:43.022Z
Error: Error fetching general analytics: PrismaClientKnownRequestError: 
Invalid `prisma.visit.groupBy()` invocation in
D:\sohozasystem\backend\src\services\analyticsService.ts:68:46

  65 export const getGeneralAnalytics = async () => {
  66     try {
  67         // Page views breakdown
→ 68         const pageViews = await prisma.visit.groupBy(

    at Object.getGeneralAnalytics (D:\sohozasystem\backend\src\services\analyticsService.ts:110:15)
    at processTicksAndRejections (node:internal/process/task_queues:105:5)
    at getGeneralAnalytics (D:\sohozasystem\backend\src\controllers\analyticsController.ts:21:27)
{}

--- Dashboard Error ---
2026-02-19T14:44:09.553Z
Message: Error fetching dashboard analytics: PrismaClientKnownRequestError: 
Invalid `prisma.visit.count()` invocation in
D:\sohozasystem\backend\src\services\analyticsService.ts:13:51

  10 // Weekly visitors (grouped by date)
  11 // Note: For real charting, we'd want to aggregate by day.
  12 // For now, returning total count in last 7 days.
→ 13 const weeklyVisitors = await prisma.visit.count(

Code: undefined
Stack: Error: Error fetching dashboard analytics: PrismaClientKnownRequestError: 
Invalid `prisma.visit.count()` invocation in
D:\sohozasystem\backend\src\services\analyticsService.ts:13:51

  10 // Weekly visitors (grouped by date)
  11 // Note: For real charting, we'd want to aggregate by day.
  12 // For now, returning total count in last 7 days.
→ 13 const weeklyVisitors = await prisma.visit.count(

    at Object.getDashboardAnalytics (D:\sohozasystem\backend\src\services\analyticsService.ts:61:15)
    at processTicksAndRejections (node:internal/process/task_queues:105:5)
    at getDashboardAnalytics (D:\sohozasystem\backend\src\controllers\analyticsController.ts:7:27)
Meta: undefined

--- General Error ---
2026-02-19T14:44:09.619Z
Message: Error fetching general analytics: PrismaClientKnownRequestError: 
Invalid `prisma.visit.groupBy()` invocation in
D:\sohozasystem\backend\src\services\analyticsService.ts:68:46

  65 export const getGeneralAnalytics = async () => {
  66     try {
  67         // Page views breakdown
→ 68         const pageViews = await prisma.visit.groupBy(

Code: undefined
Stack: Error: Error fetching general analytics: PrismaClientKnownRequestError: 
Invalid `prisma.visit.groupBy()` invocation in
D:\sohozasystem\backend\src\services\analyticsService.ts:68:46

  65 export const getGeneralAnalytics = async () => {
  66     try {
  67         // Page views breakdown
→ 68         const pageViews = await prisma.visit.groupBy(

    at Object.getGeneralAnalytics (D:\sohozasystem\backend\src\services\analyticsService.ts:110:15)
    at processTicksAndRejections (node:internal/process/task_queues:105:5)
    at getGeneralAnalytics (D:\sohozasystem\backend\src\controllers\analyticsController.ts:22:27)
Meta: undefined

--- Dashboard Error ---
2026-02-19T14:45:05.316Z
Message: Error fetching dashboard analytics: PrismaClientKnownRequestError: 
Invalid `prisma.visit.count()` invocation in
D:\sohozasystem\backend\src\services\analyticsService.ts:13:51

  10 // Weekly visitors (grouped by date)
  11 // Note: For real charting, we'd want to aggregate by day.
  12 // For now, returning total count in last 7 days.
→ 13 const weeklyVisitors = await prisma.visit.count(

Code: undefined
Stack: Error: Error fetching dashboard analytics: PrismaClientKnownRequestError: 
Invalid `prisma.visit.count()` invocation in
D:\sohozasystem\backend\src\services\analyticsService.ts:13:51

  10 // Weekly visitors (grouped by date)
  11 // Note: For real charting, we'd want to aggregate by day.
  12 // For now, returning total count in last 7 days.
→ 13 const weeklyVisitors = await prisma.visit.count(

    at Object.getDashboardAnalytics (D:\sohozasystem\backend\src\services\analyticsService.ts:61:15)
    at processTicksAndRejections (node:internal/process/task_queues:105:5)
    at getDashboardAnalytics (D:\sohozasystem\backend\src\controllers\analyticsController.ts:7:27)
Meta: undefined

--- General Error ---
2026-02-19T14:45:05.387Z
Message: Error fetching general analytics: PrismaClientKnownRequestError: 
Invalid `prisma.visit.groupBy()` invocation in
D:\sohozasystem\backend\src\services\analyticsService.ts:68:46

  65 export const getGeneralAnalytics = async () => {
  66     try {
  67         // Page views breakdown
→ 68         const pageViews = await prisma.visit.groupBy(

Code: undefined
Stack: Error: Error fetching general analytics: PrismaClientKnownRequestError: 
Invalid `prisma.visit.groupBy()` invocation in
D:\sohozasystem\backend\src\services\analyticsService.ts:68:46

  65 export const getGeneralAnalytics = async () => {
  66     try {
  67         // Page views breakdown
→ 68         const pageViews = await prisma.visit.groupBy(

    at Object.getGeneralAnalytics (D:\sohozasystem\backend\src\services\analyticsService.ts:110:15)
    at processTicksAndRejections (node:internal/process/task_queues:105:5)
    at getGeneralAnalytics (D:\sohozasystem\backend\src\controllers\analyticsController.ts:22:27)
Meta: undefined